11:14:42  INFO                       ApiController.java  388: email>>>>>>>>>>>>>>>>>smantosh06@gmail.com
11:14:42  INFO                       ApiController.java  389: Id...........4
11:14:42  INFO                           SendEmail.java   22: in send email>>>>>>>>>>>>>>>>>>>>>>>>>
11:14:42  INFO                           SendEmail.java  732: Message>>>>>>>>>>>>>>>javax.mail.internet.MimeMessage@416b28c5
11:25:21  INFO                       ApiController.java  388: email>>>>>>>>>>>>>>>>>smantosh06@gmail.com
11:25:21  INFO                       ApiController.java  389: Id...........5
11:25:21  INFO                           SendEmail.java   22: in send email>>>>>>>>>>>>>>>>>>>>>>>>>
11:25:21  INFO                           SendEmail.java  732: Message>>>>>>>>>>>>>>>javax.mail.internet.MimeMessage@69cbea2d
12:23:33  INFO                       ApiController.java  388: email>>>>>>>>>>>>>>>>>smantosh06@gmail.com
12:23:33  INFO                       ApiController.java  389: Id...........6
12:23:33  INFO                           SendEmail.java   22: in send email>>>>>>>>>>>>>>>>>>>>>>>>>
12:23:33  INFO                           SendEmail.java  732: Message>>>>>>>>>>>>>>>javax.mail.internet.MimeMessage@505e32
12:26:15  INFO                       ApiController.java  388: email>>>>>>>>>>>>>>>>>smantosh06@gmail.com
12:26:15  INFO                       ApiController.java  389: Id...........7
12:26:15  INFO                           SendEmail.java   22: in send email>>>>>>>>>>>>>>>>>>>>>>>>>
12:26:15  INFO                           SendEmail.java  732: Message>>>>>>>>>>>>>>>javax.mail.internet.MimeMessage@1971a4ff
12:59:09  INFO                       ApiController.java  388: email>>>>>>>>>>>>>>>>>smantosh06@gmail.com
12:59:09  INFO                       ApiController.java  389: Id...........8
12:59:09  INFO                           SendEmail.java   22: in send email>>>>>>>>>>>>>>>>>>>>>>>>>
12:59:09  INFO                           SendEmail.java  732: Message>>>>>>>>>>>>>>>javax.mail.internet.MimeMessage@641c37fa
14:22:46  INFO                       ApiController.java  388: email>>>>>>>>>>>>>>>>>smantosh06@gmail.com
14:22:46  INFO                       ApiController.java  389: Id...........9
14:22:46  INFO                           SendEmail.java   22: in send email>>>>>>>>>>>>>>>>>>>>>>>>>
14:22:46  INFO                           SendEmail.java  732: Message>>>>>>>>>>>>>>>javax.mail.internet.MimeMessage@3fee039f
14:27:18  INFO                       ApiController.java  388: email>>>>>>>>>>>>>>>>>smantosh06@gmail.com
14:27:18  INFO                       ApiController.java  389: Id...........10
14:27:18  INFO                           SendEmail.java   22: in send email>>>>>>>>>>>>>>>>>>>>>>>>>
14:27:18  INFO                           SendEmail.java  732: Message>>>>>>>>>>>>>>>javax.mail.internet.MimeMessage@75b19907
14:29:52  INFO                       ApiController.java  388: email>>>>>>>>>>>>>>>>>singhsukhmander965@gmail.com
14:29:52  INFO                       ApiController.java  389: Id...........11
14:29:52  INFO                           SendEmail.java   22: in send email>>>>>>>>>>>>>>>>>>>>>>>>>
14:29:52  INFO                           SendEmail.java  732: Message>>>>>>>>>>>>>>>javax.mail.internet.MimeMessage@522a84e1
14:30:48  INFO                       ApiController.java  388: email>>>>>>>>>>>>>>>>>singhsukhmander965@gmail.com
14:30:48  INFO                       ApiController.java  389: Id...........12
14:30:48  INFO                           SendEmail.java   22: in send email>>>>>>>>>>>>>>>>>>>>>>>>>
14:30:48  INFO                           SendEmail.java  732: Message>>>>>>>>>>>>>>>javax.mail.internet.MimeMessage@2d607d88
14:32:45  INFO                       ApiController.java  388: email>>>>>>>>>>>>>>>>>singhsukhmander965@gmail.com
14:32:45  INFO                       ApiController.java  389: Id...........13
14:32:45  INFO                           SendEmail.java   22: in send email>>>>>>>>>>>>>>>>>>>>>>>>>
14:32:45  INFO                           SendEmail.java  732: Message>>>>>>>>>>>>>>>javax.mail.internet.MimeMessage@d8d4461
14:33:45  INFO                       ApiController.java  388: email>>>>>>>>>>>>>>>>>singhsukhmander965@gmail.com
14:33:45  INFO                       ApiController.java  389: Id...........14
14:33:45  INFO                           SendEmail.java   22: in send email>>>>>>>>>>>>>>>>>>>>>>>>>
14:33:45  INFO                           SendEmail.java  732: Message>>>>>>>>>>>>>>>javax.mail.internet.MimeMessage@43fd2ef5
14:35:00  INFO                       ApiController.java  388: email>>>>>>>>>>>>>>>>>singhsukhmander965@gmail.com
14:35:00  INFO                       ApiController.java  389: Id...........15
14:35:00  INFO                           SendEmail.java   22: in send email>>>>>>>>>>>>>>>>>>>>>>>>>
14:35:00  INFO                           SendEmail.java  732: Message>>>>>>>>>>>>>>>javax.mail.internet.MimeMessage@6ea9edda
14:49:51  INFO                       ApiController.java  388: email>>>>>>>>>>>>>>>>>singhsukhmander965@gmail.com
14:49:51  INFO                       ApiController.java  389: Id...........16
14:49:51  INFO                           SendEmail.java   22: in send email>>>>>>>>>>>>>>>>>>>>>>>>>
14:49:51  INFO                           SendEmail.java  732: Message>>>>>>>>>>>>>>>javax.mail.internet.MimeMessage@51cd95f8
15:04:04  INFO                       ApiController.java  388: email>>>>>>>>>>>>>>>>>singhsukhmander965@gmail.com
15:04:04  INFO                       ApiController.java  389: Id...........17
15:04:04  INFO                           SendEmail.java   22: in send email>>>>>>>>>>>>>>>>>>>>>>>>>
15:04:04  INFO                           SendEmail.java  732: Message>>>>>>>>>>>>>>>javax.mail.internet.MimeMessage@5cf83cd0
15:23:18  INFO                       ApiController.java  388: email>>>>>>>>>>>>>>>>>singhsukhmander965@gmail.com
15:23:18  INFO                       ApiController.java  389: Id...........18
15:23:18  INFO                           SendEmail.java   22: in send email>>>>>>>>>>>>>>>>>>>>>>>>>
15:23:18  INFO                           SendEmail.java  732: Message>>>>>>>>>>>>>>>javax.mail.internet.MimeMessage@465b663d
15:25:02  INFO                       ApiController.java  388: email>>>>>>>>>>>>>>>>>virginia.singh1995@gmail.com
15:25:02  INFO                       ApiController.java  389: Id...........19
15:25:02  INFO                           SendEmail.java   22: in send email>>>>>>>>>>>>>>>>>>>>>>>>>
15:25:02  INFO                           SendEmail.java  732: Message>>>>>>>>>>>>>>>javax.mail.internet.MimeMessage@3740bd02
15:35:01  INFO                       ApiController.java  388: email>>>>>>>>>>>>>>>>>smantosh06@gmail.com
15:35:01  INFO                       ApiController.java  389: Id...........20
15:35:01  INFO                           SendEmail.java   22: in send email>>>>>>>>>>>>>>>>>>>>>>>>>
15:35:01  INFO                           SendEmail.java  732: Message>>>>>>>>>>>>>>>javax.mail.internet.MimeMessage@5197f554
15:42:04  INFO                       ApiController.java  388: email>>>>>>>>>>>>>>>>>virginia.singh1995@gmail.com
15:42:04  INFO                       ApiController.java  389: Id...........21
15:42:04  INFO                           SendEmail.java   22: in send email>>>>>>>>>>>>>>>>>>>>>>>>>
15:42:04  INFO                           SendEmail.java  732: Message>>>>>>>>>>>>>>>javax.mail.internet.MimeMessage@77629396
15:52:04  INFO                       ApiController.java  388: email>>>>>>>>>>>>>>>>>smantosh06@gmail.com
15:52:04  INFO                       ApiController.java  389: Id...........22
15:52:04  INFO                           SendEmail.java   22: in send email>>>>>>>>>>>>>>>>>>>>>>>>>
15:52:04  INFO                           SendEmail.java  732: Message>>>>>>>>>>>>>>>javax.mail.internet.MimeMessage@d5a6b10
15:53:14  INFO                       ApiController.java  388: email>>>>>>>>>>>>>>>>>virginia.singh1995@gmail.com
15:53:14  INFO                       ApiController.java  389: Id...........23
15:53:14  INFO                           SendEmail.java   22: in send email>>>>>>>>>>>>>>>>>>>>>>>>>
15:53:14  INFO                           SendEmail.java  732: Message>>>>>>>>>>>>>>>javax.mail.internet.MimeMessage@6397d2d9
16:00:55  INFO                       ApiController.java  388: email>>>>>>>>>>>>>>>>>smantosh06@gmail.com
16:00:55  INFO                       ApiController.java  389: Id...........24
16:00:55  INFO                           SendEmail.java   22: in send email>>>>>>>>>>>>>>>>>>>>>>>>>
16:00:55  INFO                           SendEmail.java  732: Message>>>>>>>>>>>>>>>javax.mail.internet.MimeMessage@3d4d5ff
16:05:28  INFO                       ApiController.java  388: email>>>>>>>>>>>>>>>>>s
16:05:28  INFO                       ApiController.java  389: Id...........25
16:05:28  INFO                           SendEmail.java   22: in send email>>>>>>>>>>>>>>>>>>>>>>>>>
16:05:28  INFO                           SendEmail.java  732: Message>>>>>>>>>>>>>>>javax.mail.internet.MimeMessage@7194fd0e
16:08:00  INFO                       ApiController.java  388: email>>>>>>>>>>>>>>>>>smantosh06@gmail.com
16:08:00  INFO                       ApiController.java  389: Id...........26
16:08:00  INFO                           SendEmail.java   22: in send email>>>>>>>>>>>>>>>>>>>>>>>>>
16:08:00  INFO                           SendEmail.java  732: Message>>>>>>>>>>>>>>>javax.mail.internet.MimeMessage@6115fe55
16:13:33  INFO                       ApiController.java  388: email>>>>>>>>>>>>>>>>>singhsukhmander965@gmail.com
16:13:33  INFO                       ApiController.java  389: Id...........27
16:13:33  INFO                           SendEmail.java   22: in send email>>>>>>>>>>>>>>>>>>>>>>>>>
16:13:33  INFO                           SendEmail.java  732: Message>>>>>>>>>>>>>>>javax.mail.internet.MimeMessage@743262f8
16:15:56  INFO                       ApiController.java  388: email>>>>>>>>>>>>>>>>>ss
16:15:56  INFO                       ApiController.java  389: Id...........28
16:15:56  INFO                           SendEmail.java   22: in send email>>>>>>>>>>>>>>>>>>>>>>>>>
16:15:56  INFO                           SendEmail.java  732: Message>>>>>>>>>>>>>>>javax.mail.internet.MimeMessage@2c86022f
16:18:10  INFO                       ApiController.java  388: email>>>>>>>>>>>>>>>>>asa
16:18:10  INFO                       ApiController.java  389: Id...........29
16:18:10  INFO                           SendEmail.java   22: in send email>>>>>>>>>>>>>>>>>>>>>>>>>
16:18:10  INFO                           SendEmail.java  732: Message>>>>>>>>>>>>>>>javax.mail.internet.MimeMessage@511f5898
16:24:32  INFO                       ApiController.java  388: email>>>>>>>>>>>>>>>>>singhsukhmander965@gmail.com
16:24:32  INFO                       ApiController.java  389: Id...........30
16:24:32  INFO                           SendEmail.java   22: in send email>>>>>>>>>>>>>>>>>>>>>>>>>
16:24:32  INFO                           SendEmail.java  732: Message>>>>>>>>>>>>>>>javax.mail.internet.MimeMessage@cc6a489
16:31:00  INFO                       ApiController.java  388: email>>>>>>>>>>>>>>>>>smantosh06@gmail.com
16:31:00  INFO                       ApiController.java  389: Id...........31
16:31:00  INFO                           SendEmail.java   22: in send email>>>>>>>>>>>>>>>>>>>>>>>>>
16:31:00  INFO                           SendEmail.java  732: Message>>>>>>>>>>>>>>>javax.mail.internet.MimeMessage@6ee4b6b2
16:35:41  INFO                       ApiController.java  388: email>>>>>>>>>>>>>>>>>smantosh06@gmail.com
16:35:41  INFO                       ApiController.java  389: Id...........32
16:35:41  INFO                           SendEmail.java   22: in send email>>>>>>>>>>>>>>>>>>>>>>>>>
16:35:41  INFO                           SendEmail.java  732: Message>>>>>>>>>>>>>>>javax.mail.internet.MimeMessage@57b87eeb
