17:33:26  INFO                       ApiController.java  384: Id???????????????????8
10:54:36  INFO                       ApiController.java  391: email>>>>>>>>>>>>>>>>>smantosh06@gmail.com
10:54:36  INFO                       ApiController.java  392: Id...........12
10:54:36  INFO                           SendEmail.java   22: in send email>>>>>>>>>>>>>>>>>>>>>>>>>
11:07:19  INFO                       ApiController.java  391: email>>>>>>>>>>>>>>>>>smantosh06@gmail.com
11:07:19  INFO                       ApiController.java  392: Id...........13
11:07:19  INFO                           SendEmail.java   22: in send email>>>>>>>>>>>>>>>>>>>>>>>>>
11:07:19  INFO                           SendEmail.java   65: In Email Creattor.............
11:10:00  INFO                       ApiController.java  391: email>>>>>>>>>>>>>>>>>smantosh06@gmail.com
11:10:00  INFO                       ApiController.java  392: Id...........14
11:10:00  INFO                           SendEmail.java   22: in send email>>>>>>>>>>>>>>>>>>>>>>>>>
11:10:00  INFO                           SendEmail.java   65: In Email Creattor.............
11:10:00  INFO                           SendEmail.java  733: Message>>>>>>>>>>>>>>>javax.mail.internet.MimeMessage@1776459
11:11:44  INFO                       ApiController.java  391: email>>>>>>>>>>>>>>>>>smantosh06@gmail.com
11:11:44  INFO                       ApiController.java  392: Id...........15
11:11:44  INFO                           SendEmail.java   22: in send email>>>>>>>>>>>>>>>>>>>>>>>>>
11:11:44  INFO                           SendEmail.java   65: In Email Creattor.............
11:11:44  INFO                           SendEmail.java  733: Message>>>>>>>>>>>>>>>null
11:18:55  INFO                       ApiController.java  391: email>>>>>>>>>>>>>>>>>smantosh06@gmail.com
11:18:55  INFO                       ApiController.java  392: Id...........16
11:18:55  INFO                           SendEmail.java   22: in send email>>>>>>>>>>>>>>>>>>>>>>>>>
11:18:55  INFO                           SendEmail.java   65: In Email Creattor.............
11:18:55  INFO                           SendEmail.java  733: Message>>>>>>>>>>>>>>>null
11:26:27  INFO                       ApiController.java  391: email>>>>>>>>>>>>>>>>>smantosh06@gmail.com
11:26:27  INFO                       ApiController.java  392: Id...........17
11:26:27  INFO                           SendEmail.java   22: in send email>>>>>>>>>>>>>>>>>>>>>>>>>
11:26:27  INFO                           SendEmail.java   65: In Email Creattor.............
11:26:27  INFO                           SendEmail.java  733: Message>>>>>>>>>>>>>>>null
11:49:30  INFO                       ApiController.java  391: email>>>>>>>>>>>>>>>>>smantosh06@gmail.com
11:49:30  INFO                       ApiController.java  392: Id...........18
11:49:30  INFO                           SendEmail.java   22: in send email>>>>>>>>>>>>>>>>>>>>>>>>>
11:49:30  INFO                           SendEmail.java   65: In Email Creattor.............
11:49:30  INFO                           SendEmail.java  733: Message>>>>>>>>>>>>>>>javax.mail.internet.MimeMessage@7cbf8
11:53:05  INFO                       ApiController.java  391: email>>>>>>>>>>>>>>>>>smantosh06@gmail.com
11:53:05  INFO                       ApiController.java  392: Id...........19
11:53:06  INFO                           SendEmail.java   22: in send email>>>>>>>>>>>>>>>>>>>>>>>>>
11:53:06  INFO                           SendEmail.java   65: In Email Creattor.............
11:53:06  INFO                           SendEmail.java  733: Message>>>>>>>>>>>>>>>javax.mail.internet.MimeMessage@7fa097
12:00:05  INFO                       ApiController.java  391: email>>>>>>>>>>>>>>>>>smantosh06@gmail.com
12:00:05  INFO                       ApiController.java  392: Id...........20
12:00:05  INFO                           SendEmail.java   22: in send email>>>>>>>>>>>>>>>>>>>>>>>>>
12:00:05  INFO                           SendEmail.java   65: In Email Creattor.............
12:00:05  INFO                           SendEmail.java  733: Message>>>>>>>>>>>>>>>javax.mail.internet.MimeMessage@1aba924
